Using pre-set license
Built from '2022.3/staging' branch; Version is '2022.3.59f1 (630718f645a5) revision 6489880'; Using compiler version '192829333'; Build Type 'Release'
OS: 'Windows 11  (10.0.26100) 64bit Professional' Language: 'tr' Physical Memory: 32379 MB
BatchMode: 1, IsHumanControllingUs: 0, StartBugReporterOnCrash: 0, Is64bit: 1, IsPro: 1

COMMAND LINE ARGUMENTS:
C:\Program Files\Unity\Hub\Editor\2022.3.59f1\Editor\Unity.exe
-adb2
-batchMode
-noUpm
-name
AssetImportWorker0
-projectPath
C:/Users/deniz/OneDrive/Masaüstü/Spring 2025/CMPE485/projects/CMPE485-Spring-2025/HW2
-logFile
Logs/AssetImportWorker0.log
-srvPort
63632
Successfully changed project path to: C:/Users/deniz/OneDrive/Masaüstü/Spring 2025/CMPE485/projects/CMPE485-Spring-2025/HW2
C:/Users/deniz/OneDrive/Masaüstü/Spring 2025/CMPE485/projects/CMPE485-Spring-2025/HW2
[UnityMemory] Configuration Parameters - Can be set up in boot.config
    "memorysetup-bucket-allocator-granularity=16"
    "memorysetup-bucket-allocator-bucket-count=8"
    "memorysetup-bucket-allocator-block-size=33554432"
    "memorysetup-bucket-allocator-block-count=8"
    "memorysetup-main-allocator-block-size=16777216"
    "memorysetup-thread-allocator-block-size=16777216"
    "memorysetup-gfx-main-allocator-block-size=16777216"
    "memorysetup-gfx-thread-allocator-block-size=16777216"
    "memorysetup-cache-allocator-block-size=4194304"
    "memorysetup-typetree-allocator-block-size=2097152"
    "memorysetup-profiler-bucket-allocator-granularity=16"
    "memorysetup-profiler-bucket-allocator-bucket-count=8"
    "memorysetup-profiler-bucket-allocator-block-size=33554432"
    "memorysetup-profiler-bucket-allocator-block-count=8"
    "memorysetup-profiler-allocator-block-size=16777216"
    "memorysetup-profiler-editor-allocator-block-size=1048576"
    "memorysetup-temp-allocator-size-main=16777216"
    "memorysetup-job-temp-allocator-block-size=2097152"
    "memorysetup-job-temp-allocator-block-size-background=1048576"
    "memorysetup-job-temp-allocator-reduction-small-platforms=262144"
    "memorysetup-allocator-temp-initial-block-size-main=262144"
    "memorysetup-allocator-temp-initial-block-size-worker=262144"
    "memorysetup-temp-allocator-size-background-worker=32768"
    "memorysetup-temp-allocator-size-job-worker=262144"
    "memorysetup-temp-allocator-size-preload-manager=33554432"
    "memorysetup-temp-allocator-size-nav-mesh-worker=65536"
    "memorysetup-temp-allocator-size-audio-worker=65536"
    "memorysetup-temp-allocator-size-cloud-worker=32768"
    "memorysetup-temp-allocator-size-gi-baking-worker=262144"
    "memorysetup-temp-allocator-size-gfx=262144"
Player connection [22244]  Target information:

Player connection [22244]  * "[IP] 192.168.1.105 [Port] 0 [Flags] 2 [Guid] 3495700162 [EditorId] 3495700162 [Version] 1048832 [Id] WindowsEditor(7,danzio) [Debug] 1 [PackageName] WindowsEditor [ProjectName] Editor" 

Player connection [22244] Host joined multi-casting on [225.0.0.222:54997]...
Player connection [22244] Host joined alternative multi-casting on [225.0.0.222:34997]...
Input System module state changed to: Initialized.
[PhysX] Initialized MultithreadedTaskDispatcher with 12 workers.
Refreshing native plugins compatible for Editor in 7.06 ms, found 3 plugins.
Preloading 0 native plugins for Editor in 0.00 ms.
Initialize engine version: 2022.3.59f1 (630718f645a5)
[Subsystems] Discovering subsystems at path C:/Program Files/Unity/Hub/Editor/2022.3.59f1/Editor/Data/Resources/UnitySubsystems
[Subsystems] Discovering subsystems at path C:/Users/deniz/OneDrive/Masaüstü/Spring 2025/CMPE485/projects/CMPE485-Spring-2025/HW2/Assets
GfxDevice: creating device client; threaded=0; jobified=0
Direct3D:
    Version:  Direct3D 11.0 [level 11.1]
    Renderer: Intel(R) Iris(R) Xe Graphics (ID=0xa7a1)
    Vendor:   Intel
    VRAM:     16189 MB
    Driver:   31.0.101.5081
Initialize mono
Mono path[0] = 'C:/Program Files/Unity/Hub/Editor/2022.3.59f1/Editor/Data/Managed'
Mono path[1] = 'C:/Program Files/Unity/Hub/Editor/2022.3.59f1/Editor/Data/MonoBleedingEdge/lib/mono/unityjit-win32'
Mono config path = 'C:/Program Files/Unity/Hub/Editor/2022.3.59f1/Editor/Data/MonoBleedingEdge/etc'
Using monoOptions --debugger-agent=transport=dt_socket,embedding=1,server=y,suspend=n,address=127.0.0.1:56412
Begin MonoManager ReloadAssembly
Registering precompiled unity dll's ...
Register platform support module: C:/Program Files/Unity/Hub/Editor/2022.3.59f1/Editor/Data/PlaybackEngines/WindowsStandaloneSupport/UnityEditor.WindowsStandalone.Extensions.dll
Registered in 0.005778 seconds.
- Loaded All Assemblies, in  0.402 seconds
Native extension for WindowsStandalone target not found
Mono: successfully reloaded assembly
- Finished resetting the current domain, in  0.299 seconds
Domain Reload Profiling: 700ms
	BeginReloadAssembly (130ms)
		ExecutionOrderSort (0ms)
		DisableScriptedObjects (0ms)
		BackupInstance (0ms)
		ReleaseScriptingObjects (0ms)
		CreateAndSetChildDomain (1ms)
	RebuildCommonClasses (39ms)
	RebuildNativeTypeToScriptingClass (11ms)
	initialDomainReloadingComplete (59ms)
	LoadAllAssembliesAndSetupDomain (162ms)
		LoadAssemblies (128ms)
		RebuildTransferFunctionScriptingTraits (0ms)
		AnalyzeDomain (160ms)
			TypeCache.Refresh (158ms)
				TypeCache.ScanAssembly (145ms)
			ScanForSourceGeneratedMonoScriptInfo (0ms)
			ResolveRequiredComponents (1ms)
	FinalizeReload (300ms)
		ReleaseScriptCaches (0ms)
		RebuildScriptCaches (0ms)
		SetupLoadedEditorAssemblies (245ms)
			LogAssemblyErrors (0ms)
			InitializePlatformSupportModulesInManaged (11ms)
			SetLoadedEditorAssemblies (9ms)
			RefreshPlugins (0ms)
			BeforeProcessingInitializeOnLoad (2ms)
			ProcessInitializeOnLoadAttributes (167ms)
			ProcessInitializeOnLoadMethodAttributes (56ms)
			AfterProcessingInitializeOnLoad (0ms)
			EditorAssembliesLoaded (0ms)
		ExecutionOrderSort2 (0ms)
		AwakeInstancesAfterBackupRestoration (0ms)
========================================================================
Worker process is ready to serve import requests
Caller must complete domain reload
Begin MonoManager ReloadAssembly
- Loaded All Assemblies, in  0.839 seconds
Native extension for WindowsStandalone target not found
Mono: successfully reloaded assembly
- Finished resetting the current domain, in  0.728 seconds
Domain Reload Profiling: 1565ms
	BeginReloadAssembly (203ms)
		ExecutionOrderSort (0ms)
		DisableScriptedObjects (8ms)
		BackupInstance (0ms)
		ReleaseScriptingObjects (0ms)
		CreateAndSetChildDomain (35ms)
	RebuildCommonClasses (42ms)
	RebuildNativeTypeToScriptingClass (13ms)
	initialDomainReloadingComplete (56ms)
	LoadAllAssembliesAndSetupDomain (522ms)
		LoadAssemblies (388ms)
		RebuildTransferFunctionScriptingTraits (0ms)
		AnalyzeDomain (251ms)
			TypeCache.Refresh (227ms)
				TypeCache.ScanAssembly (206ms)
			ScanForSourceGeneratedMonoScriptInfo (17ms)
			ResolveRequiredComponents (4ms)
	FinalizeReload (729ms)
		ReleaseScriptCaches (0ms)
		RebuildScriptCaches (0ms)
		SetupLoadedEditorAssemblies (539ms)
			LogAssemblyErrors (0ms)
			InitializePlatformSupportModulesInManaged (7ms)
			SetLoadedEditorAssemblies (4ms)
			RefreshPlugins (0ms)
			BeforeProcessingInitializeOnLoad (72ms)
			ProcessInitializeOnLoadAttributes (423ms)
			ProcessInitializeOnLoadMethodAttributes (27ms)
			AfterProcessingInitializeOnLoad (6ms)
			EditorAssembliesLoaded (0ms)
		ExecutionOrderSort2 (0ms)
		AwakeInstancesAfterBackupRestoration (10ms)
Launched and connected shader compiler UnityShaderCompiler.exe after 0.07 seconds
Refreshing native plugins compatible for Editor in 3.27 ms, found 3 plugins.
Preloading 0 native plugins for Editor in 0.00 ms.
Unloading 3125 Unused Serialized files (Serialized files now loaded: 0)
Unloading 19 unused Assets / (54.5 KB). Loaded Objects now: 3591.
Memory consumption went from 119.5 MB to 119.4 MB.
Total: 4.230800 ms (FindLiveObjects: 0.462100 ms CreateObjectMapping: 0.115100 ms MarkObjects: 3.427400 ms  DeleteObjects: 0.224200 ms)

AssetImportParameters requested are different than current active one (requested -> active):
  custom:container-demuxer-ogg: 62fdf1f143b41e24485cea50d1cbac27 -> 
  custom:video-codec-MediaFoundation-h265: 746d11721c4dcdbdad8f713fa42b33f4 -> 
  custom:video-decoder-ogg-theora: a1e56fd34408186e4bbccfd4996cb3dc -> 
  custom:framework-win-MediaFoundation: 216162199b28c13a410421893ffa2e32 -> 
  custom:CustomObjectIndexerAttribute: 9a22284fe3817be447336de3de66b15e -> 
  custom:container-demuxer-webm: 4f35f7cbe854078d1ac9338744f61a02 -> 
  custom:container-muxer-webm: aa71ff27fc2769a1b78a27578f13a17b -> 
  custom:video-decoder-webm-vp8: 9c59270c3fd7afecdb556c50c9e8de78 -> 
  custom:SearchIndexIgnoredProperties: e643bd26f0fe6173181afceb89e7c659 -> 
  custom:AudioImporter_EditorPlatform: d09bf68614088b80899f8185d706f6e7 -> 
  custom:video-encoder-webm-vp8: eb34c28f22e8b96e1ab97ce403110664 -> 
  custom:audio-decoder-ogg-vorbis: bf7c407c2cedff20999df2af8eb42d56 -> 
  custom:audio-encoder-webm-vorbis: bf7c407c2cedff20999df2af8eb42d56 -> 
========================================================================
Received Import Request.
  Time since last request: 51715.161883 seconds.
  path: Assets/Scenes
  artifactKey: Guid(bea600188f8fa9b46aba0d4f1c92a000) Importer(815301076,1909f56bfc062723c751e8b465ee728b)
Start importing Assets/Scenes using Guid(bea600188f8fa9b46aba0d4f1c92a000) Importer(815301076,1909f56bfc062723c751e8b465ee728b) [PhysX] Initialized MultithreadedTaskDispatcher with 12 workers.
 -> (artifact id: '3b4680bd0f27bde50338e591996fbc40') in 0.003203 seconds
Number of updated asset objects reloaded before import = 0
Number of asset objects unloaded after import = 0
========================================================================
Received Import Request.
  Time since last request: 0.000086 seconds.
  path: Assets/Scenes/SampleScene.unity
  artifactKey: Guid(9fc0d4010bbf28b4594072e72b8655ab) Importer(815301076,1909f56bfc062723c751e8b465ee728b)
Start importing Assets/Scenes/SampleScene.unity using Guid(9fc0d4010bbf28b4594072e72b8655ab) Importer(815301076,1909f56bfc062723c751e8b465ee728b) [PhysX] Initialized MultithreadedTaskDispatcher with 12 workers.
 -> (artifact id: '5bc7ee5be48d73f550bb70ee372a98a1') in 0.000804 seconds
Number of updated asset objects reloaded before import = 0
Number of asset objects unloaded after import = 0
========================================================================
Received Import Request.
  Time since last request: 126.058863 seconds.
  path: Assets/LB3D/RandomBlocks/Materials/Floors/Block-Floor-Mossy/Floor-V1.mat
  artifactKey: Guid(a8eaddb968d9fcb42a3019c27a31d1f9) Importer(815301076,1909f56bfc062723c751e8b465ee728b)
Start importing Assets/LB3D/RandomBlocks/Materials/Floors/Block-Floor-Mossy/Floor-V1.mat using Guid(a8eaddb968d9fcb42a3019c27a31d1f9) Importer(815301076,1909f56bfc062723c751e8b465ee728b) [PhysX] Initialized MultithreadedTaskDispatcher with 12 workers.
[PhysX] Initialized MultithreadedTaskDispatcher with 12 workers.
 -> (artifact id: '1e52ea5790746ad04091036ca3676b19') in 0.414624 seconds
Number of updated asset objects reloaded before import = 0
Number of asset objects unloaded after import = 4
========================================================================
Received Import Request.
  Time since last request: 0.000026 seconds.
  path: Assets/LB3D/RandomBlocks/Materials/Floors/Block-Floor-Mossy/Floor-V17.mat
  artifactKey: Guid(02efd260000c4c94788b85a4108bed04) Importer(815301076,1909f56bfc062723c751e8b465ee728b)
Start importing Assets/LB3D/RandomBlocks/Materials/Floors/Block-Floor-Mossy/Floor-V17.mat using Guid(02efd260000c4c94788b85a4108bed04) Importer(815301076,1909f56bfc062723c751e8b465ee728b) [PhysX] Initialized MultithreadedTaskDispatcher with 12 workers.
[PhysX] Initialized MultithreadedTaskDispatcher with 12 workers.
 -> (artifact id: '0e885567f179124002447d7bbf67cc44') in 0.059308 seconds
Number of updated asset objects reloaded before import = 0
Number of asset objects unloaded after import = 4
========================================================================
Received Import Request.
  Time since last request: 0.000035 seconds.
  path: Assets/LB3D/RandomBlocks/Materials/Floors/Block-Floor-Mossy/Floor-V5.mat
  artifactKey: Guid(59e02d71a2fdac3498334b2f7f139bfd) Importer(815301076,1909f56bfc062723c751e8b465ee728b)
Start importing Assets/LB3D/RandomBlocks/Materials/Floors/Block-Floor-Mossy/Floor-V5.mat using Guid(59e02d71a2fdac3498334b2f7f139bfd) Importer(815301076,1909f56bfc062723c751e8b465ee728b) [PhysX] Initialized MultithreadedTaskDispatcher with 12 workers.
[PhysX] Initialized MultithreadedTaskDispatcher with 12 workers.
 -> (artifact id: '139bb7979d0de870f3a0e9796028d7fd') in 0.044362 seconds
Number of updated asset objects reloaded before import = 0
Number of asset objects unloaded after import = 4
========================================================================
Received Import Request.
  Time since last request: 0.000022 seconds.
  path: Assets/LB3D/RandomBlocks/Materials/Floors/Block-Floor-Mossy/Floor-V6.mat
  artifactKey: Guid(08c1ad41ab107fb42ab646cb2f991f2f) Importer(815301076,1909f56bfc062723c751e8b465ee728b)
Start importing Assets/LB3D/RandomBlocks/Materials/Floors/Block-Floor-Mossy/Floor-V6.mat using Guid(08c1ad41ab107fb42ab646cb2f991f2f) Importer(815301076,1909f56bfc062723c751e8b465ee728b) [PhysX] Initialized MultithreadedTaskDispatcher with 12 workers.
[PhysX] Initialized MultithreadedTaskDispatcher with 12 workers.
 -> (artifact id: '4322ba61fccaf6d4acf45b45a7941ce7') in 0.052972 seconds
Number of updated asset objects reloaded before import = 0
Number of asset objects unloaded after import = 4
========================================================================
Received Import Request.
  Time since last request: 0.000032 seconds.
  path: Assets/LB3D/RandomBlocks/Materials/Floors/Block-Floor-Mossy/Floor-V18.mat
  artifactKey: Guid(b7d882e456c4e2c4aab39bc31f1f750d) Importer(815301076,1909f56bfc062723c751e8b465ee728b)
Start importing Assets/LB3D/RandomBlocks/Materials/Floors/Block-Floor-Mossy/Floor-V18.mat using Guid(b7d882e456c4e2c4aab39bc31f1f750d) Importer(815301076,1909f56bfc062723c751e8b465ee728b) [PhysX] Initialized MultithreadedTaskDispatcher with 12 workers.
[PhysX] Initialized MultithreadedTaskDispatcher with 12 workers.
 -> (artifact id: 'e82ebf3f3b1cc60a527a4ce07e305c7d') in 0.046994 seconds
Number of updated asset objects reloaded before import = 0
Number of asset objects unloaded after import = 4
========================================================================
Received Import Request.
  Time since last request: 0.000020 seconds.
  path: Assets/LB3D/RandomBlocks/Materials/Floors/Block-Floor-Mossy/Floor-V16.mat
  artifactKey: Guid(81cc95983c15ec64eadd3ea2d17213fe) Importer(815301076,1909f56bfc062723c751e8b465ee728b)
Start importing Assets/LB3D/RandomBlocks/Materials/Floors/Block-Floor-Mossy/Floor-V16.mat using Guid(81cc95983c15ec64eadd3ea2d17213fe) Importer(815301076,1909f56bfc062723c751e8b465ee728b) [PhysX] Initialized MultithreadedTaskDispatcher with 12 workers.
[PhysX] Initialized MultithreadedTaskDispatcher with 12 workers.
 -> (artifact id: 'bd31b748a7c055bd024cd3b3d0766bbe') in 0.050262 seconds
Number of updated asset objects reloaded before import = 0
Number of asset objects unloaded after import = 4
========================================================================
Received Import Request.
  Time since last request: 0.000028 seconds.
  path: Assets/LB3D/RandomBlocks/Materials/Floors/Block-Floor-Mossy/Floor-V12.mat
  artifactKey: Guid(bca8fc3c4221b124d911c262094c0588) Importer(815301076,1909f56bfc062723c751e8b465ee728b)
Start importing Assets/LB3D/RandomBlocks/Materials/Floors/Block-Floor-Mossy/Floor-V12.mat using Guid(bca8fc3c4221b124d911c262094c0588) Importer(815301076,1909f56bfc062723c751e8b465ee728b) [PhysX] Initialized MultithreadedTaskDispatcher with 12 workers.
[PhysX] Initialized MultithreadedTaskDispatcher with 12 workers.
 -> (artifact id: '6a9fefa3aac690155a800d0934bdd0ab') in 0.046387 seconds
Number of updated asset objects reloaded before import = 0
Number of asset objects unloaded after import = 4
========================================================================
Received Import Request.
  Time since last request: 0.000027 seconds.
  path: Assets/LB3D/RandomBlocks/Materials/Floors/Block-Floor-Mossy/Floor-V8.mat
  artifactKey: Guid(74afcb4de2c86d042870967b2227465d) Importer(815301076,1909f56bfc062723c751e8b465ee728b)
Start importing Assets/LB3D/RandomBlocks/Materials/Floors/Block-Floor-Mossy/Floor-V8.mat using Guid(74afcb4de2c86d042870967b2227465d) Importer(815301076,1909f56bfc062723c751e8b465ee728b) [PhysX] Initialized MultithreadedTaskDispatcher with 12 workers.
[PhysX] Initialized MultithreadedTaskDispatcher with 12 workers.
 -> (artifact id: '89734715608e88e12761accc6368e4a6') in 0.047582 seconds
Number of updated asset objects reloaded before import = 0
Number of asset objects unloaded after import = 4
========================================================================
Received Import Request.
  Time since last request: 0.000041 seconds.
  path: Assets/LB3D/RandomBlocks/Materials/Floors/Block-Floor-Mossy/Floor-V9.mat
  artifactKey: Guid(3542162851433c340912b861c0e5de59) Importer(815301076,1909f56bfc062723c751e8b465ee728b)
Start importing Assets/LB3D/RandomBlocks/Materials/Floors/Block-Floor-Mossy/Floor-V9.mat using Guid(3542162851433c340912b861c0e5de59) Importer(815301076,1909f56bfc062723c751e8b465ee728b) [PhysX] Initialized MultithreadedTaskDispatcher with 12 workers.
[PhysX] Initialized MultithreadedTaskDispatcher with 12 workers.
 -> (artifact id: 'db88422baed1823643332a428fdff301') in 0.044972 seconds
Number of updated asset objects reloaded before import = 0
Number of asset objects unloaded after import = 4
========================================================================
Received Import Request.
  Time since last request: 1.395041 seconds.
  path: Assets/LB3D/RandomBlocks/Materials/Floors/CastBlocks/CastBlocks-Dungeon-Entrance.mat
  artifactKey: Guid(4f9132d58f796ec4ab302c6b49539301) Importer(815301076,1909f56bfc062723c751e8b465ee728b)
Start importing Assets/LB3D/RandomBlocks/Materials/Floors/CastBlocks/CastBlocks-Dungeon-Entrance.mat using Guid(4f9132d58f796ec4ab302c6b49539301) Importer(815301076,1909f56bfc062723c751e8b465ee728b) [PhysX] Initialized MultithreadedTaskDispatcher with 12 workers.
[PhysX] Initialized MultithreadedTaskDispatcher with 12 workers.
 -> (artifact id: '2aa73e36a42bb36a00491b1fc23975d2') in 0.062440 seconds
Number of updated asset objects reloaded before import = 0
Number of asset objects unloaded after import = 4
========================================================================
Received Import Request.
  Time since last request: 0.000040 seconds.
  path: Assets/LB3D/RandomBlocks/Materials/Floors/CastBlocks/CastBlocks-L0-v4.mat
  artifactKey: Guid(dd941b68e76a22a40b52530ee16c5246) Importer(815301076,1909f56bfc062723c751e8b465ee728b)
Start importing Assets/LB3D/RandomBlocks/Materials/Floors/CastBlocks/CastBlocks-L0-v4.mat using Guid(dd941b68e76a22a40b52530ee16c5246) Importer(815301076,1909f56bfc062723c751e8b465ee728b) [PhysX] Initialized MultithreadedTaskDispatcher with 12 workers.
[PhysX] Initialized MultithreadedTaskDispatcher with 12 workers.
 -> (artifact id: '0e0e0def913fdc57c64e9299497d9fd4') in 0.053073 seconds
Number of updated asset objects reloaded before import = 0
Number of asset objects unloaded after import = 4
========================================================================
Received Import Request.
  Time since last request: 0.000032 seconds.
  path: Assets/LB3D/RandomBlocks/Materials/Floors/CastBlocks/CastBlocks-L0-v5.mat
  artifactKey: Guid(f330df7254435734c8f5d2fc253f89b3) Importer(815301076,1909f56bfc062723c751e8b465ee728b)
Start importing Assets/LB3D/RandomBlocks/Materials/Floors/CastBlocks/CastBlocks-L0-v5.mat using Guid(f330df7254435734c8f5d2fc253f89b3) Importer(815301076,1909f56bfc062723c751e8b465ee728b) [PhysX] Initialized MultithreadedTaskDispatcher with 12 workers.
[PhysX] Initialized MultithreadedTaskDispatcher with 12 workers.
 -> (artifact id: '676b8e04855c5eb612cf9316eeca18ea') in 0.073033 seconds
Number of updated asset objects reloaded before import = 0
Number of asset objects unloaded after import = 4
========================================================================
Received Import Request.
  Time since last request: 1.841032 seconds.
  path: Assets/LB3D/RandomBlocks/Materials/Floors/Dungeon-1/Dungeon-1-L0-V2.mat
  artifactKey: Guid(b7454d4e359ef8d4ab3d3fcb4b62d904) Importer(815301076,1909f56bfc062723c751e8b465ee728b)
Start importing Assets/LB3D/RandomBlocks/Materials/Floors/Dungeon-1/Dungeon-1-L0-V2.mat using Guid(b7454d4e359ef8d4ab3d3fcb4b62d904) Importer(815301076,1909f56bfc062723c751e8b465ee728b) [PhysX] Initialized MultithreadedTaskDispatcher with 12 workers.
[PhysX] Initialized MultithreadedTaskDispatcher with 12 workers.
 -> (artifact id: '59d536a86e83cacbf7b4a4df81b875f0') in 0.071492 seconds
Number of updated asset objects reloaded before import = 0
Number of asset objects unloaded after import = 4
========================================================================
Received Import Request.
  Time since last request: 0.000025 seconds.
  path: Assets/LB3D/RandomBlocks/Materials/Floors/Dungeon-1/Dungeon-1-L0-V5.mat
  artifactKey: Guid(99cfd63b97144a842b8c3f4588810f02) Importer(815301076,1909f56bfc062723c751e8b465ee728b)
Start importing Assets/LB3D/RandomBlocks/Materials/Floors/Dungeon-1/Dungeon-1-L0-V5.mat using Guid(99cfd63b97144a842b8c3f4588810f02) Importer(815301076,1909f56bfc062723c751e8b465ee728b) [PhysX] Initialized MultithreadedTaskDispatcher with 12 workers.
[PhysX] Initialized MultithreadedTaskDispatcher with 12 workers.
 -> (artifact id: '44cf2ce72a457cd798501f778adfe7d2') in 0.059826 seconds
Number of updated asset objects reloaded before import = 0
Number of asset objects unloaded after import = 4
========================================================================
Received Import Request.
  Time since last request: 4.485993 seconds.
  path: Assets/LB3D/RandomBlocks/Materials/Floors/ManyVertical/ManyVertical-L0-v2.mat
  artifactKey: Guid(1df6a277841f77e4ba1bbbdab050e20d) Importer(815301076,1909f56bfc062723c751e8b465ee728b)
Start importing Assets/LB3D/RandomBlocks/Materials/Floors/ManyVertical/ManyVertical-L0-v2.mat using Guid(1df6a277841f77e4ba1bbbdab050e20d) Importer(815301076,1909f56bfc062723c751e8b465ee728b) [PhysX] Initialized MultithreadedTaskDispatcher with 12 workers.
[PhysX] Initialized MultithreadedTaskDispatcher with 12 workers.
 -> (artifact id: '48381fb7e9f5788b3a3e49d4774db832') in 0.109332 seconds
Number of updated asset objects reloaded before import = 0
Number of asset objects unloaded after import = 4
========================================================================
Received Import Request.
  Time since last request: 0.000023 seconds.
  path: Assets/LB3D/RandomBlocks/Materials/Floors/ManyVertical/ManyVertical-L0-v4.mat
  artifactKey: Guid(977e4252c5fd585448ba9cef7a5673f2) Importer(815301076,1909f56bfc062723c751e8b465ee728b)
Start importing Assets/LB3D/RandomBlocks/Materials/Floors/ManyVertical/ManyVertical-L0-v4.mat using Guid(977e4252c5fd585448ba9cef7a5673f2) Importer(815301076,1909f56bfc062723c751e8b465ee728b) [PhysX] Initialized MultithreadedTaskDispatcher with 12 workers.
[PhysX] Initialized MultithreadedTaskDispatcher with 12 workers.
 -> (artifact id: '8e7526eedd8d1f53b27f0c9b95bca1e9') in 0.046104 seconds
Number of updated asset objects reloaded before import = 0
Number of asset objects unloaded after import = 4
========================================================================
Received Import Request.
  Time since last request: 276.384155 seconds.
  path: Assets/LB3D/RandomBlocks/Materials/Floors/RandomMasonry/RandomMasonry-L0-v2.mat
  artifactKey: Guid(2f1d12edba6ed394bad357d79e993109) Importer(815301076,1909f56bfc062723c751e8b465ee728b)
Start importing Assets/LB3D/RandomBlocks/Materials/Floors/RandomMasonry/RandomMasonry-L0-v2.mat using Guid(2f1d12edba6ed394bad357d79e993109) Importer(815301076,1909f56bfc062723c751e8b465ee728b) [PhysX] Initialized MultithreadedTaskDispatcher with 12 workers.
[PhysX] Initialized MultithreadedTaskDispatcher with 12 workers.
 -> (artifact id: 'a7ea12f37e6ed18e462c4c9a33edc970') in 0.065940 seconds
Number of updated asset objects reloaded before import = 0
Number of asset objects unloaded after import = 4
========================================================================
Received Import Request.
  Time since last request: 0.000029 seconds.
  path: Assets/LB3D/RandomBlocks/Materials/Floors/RandomMasonry/RandomMasonry-L0-v5.mat
  artifactKey: Guid(c17b83ec7a41dda45b1e671b5cd3832d) Importer(815301076,1909f56bfc062723c751e8b465ee728b)
Start importing Assets/LB3D/RandomBlocks/Materials/Floors/RandomMasonry/RandomMasonry-L0-v5.mat using Guid(c17b83ec7a41dda45b1e671b5cd3832d) Importer(815301076,1909f56bfc062723c751e8b465ee728b) [PhysX] Initialized MultithreadedTaskDispatcher with 12 workers.
[PhysX] Initialized MultithreadedTaskDispatcher with 12 workers.
 -> (artifact id: '444a52ded0f7272b18ffadf0211536d3') in 0.061535 seconds
Number of updated asset objects reloaded before import = 0
Number of asset objects unloaded after import = 4
========================================================================
Received Import Request.
  Time since last request: 2.915111 seconds.
  path: Assets/LB3D/RandomBlocks/Materials/Safezone/Floor.mat
  artifactKey: Guid(50fdd94bfa67caf4daa4eae50673fb2e) Importer(815301076,1909f56bfc062723c751e8b465ee728b)
Start importing Assets/LB3D/RandomBlocks/Materials/Safezone/Floor.mat using Guid(50fdd94bfa67caf4daa4eae50673fb2e) Importer(815301076,1909f56bfc062723c751e8b465ee728b) [PhysX] Initialized MultithreadedTaskDispatcher with 12 workers.
[PhysX] Initialized MultithreadedTaskDispatcher with 12 workers.
 -> (artifact id: '45d497ea0a0b533d35988cf936cc9aed') in 0.114216 seconds
Number of updated asset objects reloaded before import = 0
Number of asset objects unloaded after import = 4
========================================================================
Received Import Request.
  Time since last request: 0.000038 seconds.
  path: Assets/LB3D/RandomBlocks/Materials/Safezone/Wall_2.mat
  artifactKey: Guid(a905284782e22664d8288071d31429ef) Importer(815301076,1909f56bfc062723c751e8b465ee728b)
Start importing Assets/LB3D/RandomBlocks/Materials/Safezone/Wall_2.mat using Guid(a905284782e22664d8288071d31429ef) Importer(815301076,1909f56bfc062723c751e8b465ee728b) [PhysX] Initialized MultithreadedTaskDispatcher with 12 workers.
[PhysX] Initialized MultithreadedTaskDispatcher with 12 workers.
 -> (artifact id: '43113eb80fff0c3df0f00db1db22c8f3') in 0.122260 seconds
Number of updated asset objects reloaded before import = 0
Number of asset objects unloaded after import = 4
========================================================================
Received Import Request.
  Time since last request: 87.286943 seconds.
  path: Assets/LB3D/RandomBlocks/Models/Blocks/Clean/Floor
  artifactKey: Guid(215584c7edeaae04da94f406222e8187) Importer(815301076,1909f56bfc062723c751e8b465ee728b)
Start importing Assets/LB3D/RandomBlocks/Models/Blocks/Clean/Floor using Guid(215584c7edeaae04da94f406222e8187) Importer(815301076,1909f56bfc062723c751e8b465ee728b) [PhysX] Initialized MultithreadedTaskDispatcher with 12 workers.
 -> (artifact id: 'db7d283f4db522e6bf3760bc0b740319') in 0.001593 seconds
Number of updated asset objects reloaded before import = 0
Number of asset objects unloaded after import = 0
========================================================================
Received Import Request.
  Time since last request: 0.048039 seconds.
  path: Assets/LB3D/RandomBlocks/Models/Blocks/Clean/Floor/Floor.fbx
  artifactKey: Guid(8fe430b2aefd5c74eb5ed5049a917f9f) Importer(815301076,1909f56bfc062723c751e8b465ee728b)
Start importing Assets/LB3D/RandomBlocks/Models/Blocks/Clean/Floor/Floor.fbx using Guid(8fe430b2aefd5c74eb5ed5049a917f9f) Importer(815301076,1909f56bfc062723c751e8b465ee728b) [PhysX] Initialized MultithreadedTaskDispatcher with 12 workers.
[PhysX] Initialized MultithreadedTaskDispatcher with 12 workers.
[PhysX] Initialized MultithreadedTaskDispatcher with 12 workers.
 -> (artifact id: '3227ee29ad370604ac9d92aa59ce3e14') in 0.152501 seconds
Number of updated asset objects reloaded before import = 0
Number of asset objects unloaded after import = 7
========================================================================
Received Import Request.
  Time since last request: 17.972865 seconds.
  path: Assets/LB3D/RandomBlocks/Models/Blocks/Clean/Cube/Cube.fbx
  artifactKey: Guid(508aa906016cd1f42a2fc8e56af25a24) Importer(815301076,1909f56bfc062723c751e8b465ee728b)
Start importing Assets/LB3D/RandomBlocks/Models/Blocks/Clean/Cube/Cube.fbx using Guid(508aa906016cd1f42a2fc8e56af25a24) Importer(815301076,1909f56bfc062723c751e8b465ee728b) [PhysX] Initialized MultithreadedTaskDispatcher with 12 workers.
[PhysX] Initialized MultithreadedTaskDispatcher with 12 workers.
[PhysX] Initialized MultithreadedTaskDispatcher with 12 workers.
 -> (artifact id: 'e4243a2f1c64c23b748f736d0a182614') in 0.053989 seconds
Number of updated asset objects reloaded before import = 0
Number of asset objects unloaded after import = 7
========================================================================
Received Import Request.
  Time since last request: 38.786434 seconds.
  path: Assets/LB3D/RandomBlocks/Prefabs/Floors/Dungeon-1/Dungeon-1-L0-V1.prefab
  artifactKey: Guid(6b9d15ed8af4f7a41adf74f8af0a717f) Importer(815301076,1909f56bfc062723c751e8b465ee728b)
Start importing Assets/LB3D/RandomBlocks/Prefabs/Floors/Dungeon-1/Dungeon-1-L0-V1.prefab using Guid(6b9d15ed8af4f7a41adf74f8af0a717f) Importer(815301076,1909f56bfc062723c751e8b465ee728b) [PhysX] Initialized MultithreadedTaskDispatcher with 12 workers.
[PhysX] Initialized MultithreadedTaskDispatcher with 12 workers.
 -> (artifact id: '2e400e40248f9b77624a90156c763df7') in 0.066168 seconds
Number of updated asset objects reloaded before import = 0
Number of asset objects unloaded after import = 11
========================================================================
Received Import Request.
  Time since last request: 0.000031 seconds.
  path: Assets/LB3D/RandomBlocks/Prefabs/Floors/Dungeon-1/Dungeon-1-L0-V5.prefab
  artifactKey: Guid(446fdad817118e74a8917468e07ae13d) Importer(815301076,1909f56bfc062723c751e8b465ee728b)
Start importing Assets/LB3D/RandomBlocks/Prefabs/Floors/Dungeon-1/Dungeon-1-L0-V5.prefab using Guid(446fdad817118e74a8917468e07ae13d) Importer(815301076,1909f56bfc062723c751e8b465ee728b) [PhysX] Initialized MultithreadedTaskDispatcher with 12 workers.
[PhysX] Initialized MultithreadedTaskDispatcher with 12 workers.
 -> (artifact id: '9cbfb66976780cd3eb928c27581668ec') in 0.050238 seconds
Number of updated asset objects reloaded before import = 0
Number of asset objects unloaded after import = 11
========================================================================
Received Import Request.
  Time since last request: 0.000035 seconds.
  path: Assets/LB3D/RandomBlocks/Prefabs/Floors/Dungeon-1/Dungeon-1-L0-V3.prefab
  artifactKey: Guid(528761cda9462484c8f154e6220d9fe2) Importer(815301076,1909f56bfc062723c751e8b465ee728b)
Start importing Assets/LB3D/RandomBlocks/Prefabs/Floors/Dungeon-1/Dungeon-1-L0-V3.prefab using Guid(528761cda9462484c8f154e6220d9fe2) Importer(815301076,1909f56bfc062723c751e8b465ee728b) [PhysX] Initialized MultithreadedTaskDispatcher with 12 workers.
[PhysX] Initialized MultithreadedTaskDispatcher with 12 workers.
 -> (artifact id: '455f42a04b9237a22fb744c5619a9402') in 0.043822 seconds
Number of updated asset objects reloaded before import = 0
Number of asset objects unloaded after import = 11
========================================================================
Received Import Request.
  Time since last request: 40.912447 seconds.
  path: Assets/LB3D/RandomBlocks/Prefabs/Floors/ManyVertical/ManyVertical-L0-V2.prefab
  artifactKey: Guid(87234c13a39afac43bf8918750f60b34) Importer(815301076,1909f56bfc062723c751e8b465ee728b)
Start importing Assets/LB3D/RandomBlocks/Prefabs/Floors/ManyVertical/ManyVertical-L0-V2.prefab using Guid(87234c13a39afac43bf8918750f60b34) Importer(815301076,1909f56bfc062723c751e8b465ee728b) [PhysX] Initialized MultithreadedTaskDispatcher with 12 workers.
[PhysX] Initialized MultithreadedTaskDispatcher with 12 workers.
 -> (artifact id: 'eb0749149532580d876d89ef92047cd4') in 0.125396 seconds
Number of updated asset objects reloaded before import = 0
Number of asset objects unloaded after import = 11
========================================================================
Received Import Request.
  Time since last request: 0.000027 seconds.
  path: Assets/LB3D/RandomBlocks/Prefabs/Floors/ManyVertical/ManyVertical-L0-V4.prefab
  artifactKey: Guid(7d4bd6436e0df0c4ca06a283e2b34fe9) Importer(815301076,1909f56bfc062723c751e8b465ee728b)
Start importing Assets/LB3D/RandomBlocks/Prefabs/Floors/ManyVertical/ManyVertical-L0-V4.prefab using Guid(7d4bd6436e0df0c4ca06a283e2b34fe9) Importer(815301076,1909f56bfc062723c751e8b465ee728b) [PhysX] Initialized MultithreadedTaskDispatcher with 12 workers.
[PhysX] Initialized MultithreadedTaskDispatcher with 12 workers.
 -> (artifact id: '51193178bfe8fe428208bad3b38effc4') in 0.062580 seconds
Number of updated asset objects reloaded before import = 0
Number of asset objects unloaded after import = 11
========================================================================
Received Import Request.
  Time since last request: 8.851103 seconds.
  path: Assets/LB3D/RandomBlocks/Prefabs/Floors/RandomMasonry/RandomMasonry-L0-V2.prefab
  artifactKey: Guid(eada1f0abebc2454c969b071d3ee4c88) Importer(815301076,1909f56bfc062723c751e8b465ee728b)
Start importing Assets/LB3D/RandomBlocks/Prefabs/Floors/RandomMasonry/RandomMasonry-L0-V2.prefab using Guid(eada1f0abebc2454c969b071d3ee4c88) Importer(815301076,1909f56bfc062723c751e8b465ee728b) [PhysX] Initialized MultithreadedTaskDispatcher with 12 workers.
[PhysX] Initialized MultithreadedTaskDispatcher with 12 workers.
 -> (artifact id: 'e687166be3269f5e16bbc5bc198f9c0d') in 0.103365 seconds
Number of updated asset objects reloaded before import = 0
Number of asset objects unloaded after import = 11
========================================================================
Received Import Request.
  Time since last request: 0.000038 seconds.
  path: Assets/LB3D/RandomBlocks/Prefabs/Floors/RandomMasonry/RandomMasonry-L0-V4.prefab
  artifactKey: Guid(d9a63e8a6ccb888428193b1222ca837b) Importer(815301076,1909f56bfc062723c751e8b465ee728b)
Start importing Assets/LB3D/RandomBlocks/Prefabs/Floors/RandomMasonry/RandomMasonry-L0-V4.prefab using Guid(d9a63e8a6ccb888428193b1222ca837b) Importer(815301076,1909f56bfc062723c751e8b465ee728b) [PhysX] Initialized MultithreadedTaskDispatcher with 12 workers.
[PhysX] Initialized MultithreadedTaskDispatcher with 12 workers.
 -> (artifact id: '4522e25d8922572e5652669baf5521e9') in 0.053164 seconds
Number of updated asset objects reloaded before import = 0
Number of asset objects unloaded after import = 11
