Using pre-set license
Built from '2022.3/staging' branch; Version is '2022.3.59f1 (630718f645a5) revision 6489880'; Using compiler version '192829333'; Build Type 'Release'
OS: 'Windows 11  (10.0.26100) 64bit Professional' Language: 'tr' Physical Memory: 32379 MB
BatchMode: 1, IsHumanControllingUs: 0, StartBugReporterOnCrash: 0, Is64bit: 1, IsPro: 1

COMMAND LINE ARGUMENTS:
C:\Program Files\Unity\Hub\Editor\2022.3.59f1\Editor\Unity.exe
-adb2
-batchMode
-noUpm
-name
AssetImportWorker2
-projectPath
C:/Users/deniz/OneDrive/Masaüstü/Spring 2025/CMPE485/projects/CMPE485-Spring-2025/HW2
-logFile
Logs/AssetImportWorker2.log
-srvPort
63632
Successfully changed project path to: C:/Users/deniz/OneDrive/Masaüstü/Spring 2025/CMPE485/projects/CMPE485-Spring-2025/HW2
C:/Users/deniz/OneDrive/Masaüstü/Spring 2025/CMPE485/projects/CMPE485-Spring-2025/HW2
[UnityMemory] Configuration Parameters - Can be set up in boot.config
    "memorysetup-bucket-allocator-granularity=16"
    "memorysetup-bucket-allocator-bucket-count=8"
    "memorysetup-bucket-allocator-block-size=33554432"
    "memorysetup-bucket-allocator-block-count=8"
    "memorysetup-main-allocator-block-size=16777216"
    "memorysetup-thread-allocator-block-size=16777216"
    "memorysetup-gfx-main-allocator-block-size=16777216"
    "memorysetup-gfx-thread-allocator-block-size=16777216"
    "memorysetup-cache-allocator-block-size=4194304"
    "memorysetup-typetree-allocator-block-size=2097152"
    "memorysetup-profiler-bucket-allocator-granularity=16"
    "memorysetup-profiler-bucket-allocator-bucket-count=8"
    "memorysetup-profiler-bucket-allocator-block-size=33554432"
    "memorysetup-profiler-bucket-allocator-block-count=8"
    "memorysetup-profiler-allocator-block-size=16777216"
    "memorysetup-profiler-editor-allocator-block-size=1048576"
    "memorysetup-temp-allocator-size-main=16777216"
    "memorysetup-job-temp-allocator-block-size=2097152"
    "memorysetup-job-temp-allocator-block-size-background=1048576"
    "memorysetup-job-temp-allocator-reduction-small-platforms=262144"
    "memorysetup-allocator-temp-initial-block-size-main=262144"
    "memorysetup-allocator-temp-initial-block-size-worker=262144"
    "memorysetup-temp-allocator-size-background-worker=32768"
    "memorysetup-temp-allocator-size-job-worker=262144"
    "memorysetup-temp-allocator-size-preload-manager=33554432"
    "memorysetup-temp-allocator-size-nav-mesh-worker=65536"
    "memorysetup-temp-allocator-size-audio-worker=65536"
    "memorysetup-temp-allocator-size-cloud-worker=32768"
    "memorysetup-temp-allocator-size-gi-baking-worker=262144"
    "memorysetup-temp-allocator-size-gfx=262144"
Player connection [2972]  Target information:

Player connection [2972]  * "[IP] 192.168.1.105 [Port] 0 [Flags] 2 [Guid] 249134660 [EditorId] 249134660 [Version] 1048832 [Id] WindowsEditor(7,danzio) [Debug] 1 [PackageName] WindowsEditor [ProjectName] Editor" 

Player connection [2972] Host joined multi-casting on [225.0.0.222:54997]...
Player connection [2972] Host joined alternative multi-casting on [225.0.0.222:34997]...
Input System module state changed to: Initialized.
[PhysX] Initialized MultithreadedTaskDispatcher with 12 workers.
Refreshing native plugins compatible for Editor in 6.77 ms, found 3 plugins.
Preloading 0 native plugins for Editor in 0.00 ms.
Initialize engine version: 2022.3.59f1 (630718f645a5)
[Subsystems] Discovering subsystems at path C:/Program Files/Unity/Hub/Editor/2022.3.59f1/Editor/Data/Resources/UnitySubsystems
[Subsystems] Discovering subsystems at path C:/Users/deniz/OneDrive/Masaüstü/Spring 2025/CMPE485/projects/CMPE485-Spring-2025/HW2/Assets
GfxDevice: creating device client; threaded=0; jobified=0
Direct3D:
    Version:  Direct3D 11.0 [level 11.1]
    Renderer: Intel(R) Iris(R) Xe Graphics (ID=0xa7a1)
    Vendor:   Intel
    VRAM:     16189 MB
    Driver:   31.0.101.5081
Initialize mono
Mono path[0] = 'C:/Program Files/Unity/Hub/Editor/2022.3.59f1/Editor/Data/Managed'
Mono path[1] = 'C:/Program Files/Unity/Hub/Editor/2022.3.59f1/Editor/Data/MonoBleedingEdge/lib/mono/unityjit-win32'
Mono config path = 'C:/Program Files/Unity/Hub/Editor/2022.3.59f1/Editor/Data/MonoBleedingEdge/etc'
Using monoOptions --debugger-agent=transport=dt_socket,embedding=1,server=y,suspend=n,address=127.0.0.1:56432
Begin MonoManager ReloadAssembly
Registering precompiled unity dll's ...
Register platform support module: C:/Program Files/Unity/Hub/Editor/2022.3.59f1/Editor/Data/PlaybackEngines/WindowsStandaloneSupport/UnityEditor.WindowsStandalone.Extensions.dll
Registered in 0.006020 seconds.
- Loaded All Assemblies, in  0.343 seconds
Native extension for WindowsStandalone target not found
Mono: successfully reloaded assembly
- Finished resetting the current domain, in  0.212 seconds
Domain Reload Profiling: 553ms
	BeginReloadAssembly (126ms)
		ExecutionOrderSort (0ms)
		DisableScriptedObjects (0ms)
		BackupInstance (0ms)
		ReleaseScriptingObjects (0ms)
		CreateAndSetChildDomain (1ms)
	RebuildCommonClasses (40ms)
	RebuildNativeTypeToScriptingClass (11ms)
	initialDomainReloadingComplete (61ms)
	LoadAllAssembliesAndSetupDomain (102ms)
		LoadAssemblies (124ms)
		RebuildTransferFunctionScriptingTraits (0ms)
		AnalyzeDomain (100ms)
			TypeCache.Refresh (99ms)
				TypeCache.ScanAssembly (89ms)
			ScanForSourceGeneratedMonoScriptInfo (0ms)
			ResolveRequiredComponents (0ms)
	FinalizeReload (212ms)
		ReleaseScriptCaches (0ms)
		RebuildScriptCaches (0ms)
		SetupLoadedEditorAssemblies (176ms)
			LogAssemblyErrors (0ms)
			InitializePlatformSupportModulesInManaged (8ms)
			SetLoadedEditorAssemblies (6ms)
			RefreshPlugins (0ms)
			BeforeProcessingInitializeOnLoad (1ms)
			ProcessInitializeOnLoadAttributes (122ms)
			ProcessInitializeOnLoadMethodAttributes (38ms)
			AfterProcessingInitializeOnLoad (0ms)
			EditorAssembliesLoaded (0ms)
		ExecutionOrderSort2 (0ms)
		AwakeInstancesAfterBackupRestoration (0ms)
========================================================================
Worker process is ready to serve import requests
Caller must complete domain reload
Begin MonoManager ReloadAssembly
- Loaded All Assemblies, in  0.415 seconds
Native extension for WindowsStandalone target not found
Mono: successfully reloaded assembly
- Finished resetting the current domain, in  0.476 seconds
Domain Reload Profiling: 890ms
	BeginReloadAssembly (100ms)
		ExecutionOrderSort (0ms)
		DisableScriptedObjects (3ms)
		BackupInstance (0ms)
		ReleaseScriptingObjects (0ms)
		CreateAndSetChildDomain (14ms)
	RebuildCommonClasses (25ms)
	RebuildNativeTypeToScriptingClass (7ms)
	initialDomainReloadingComplete (29ms)
	LoadAllAssembliesAndSetupDomain (252ms)
		LoadAssemblies (188ms)
		RebuildTransferFunctionScriptingTraits (0ms)
		AnalyzeDomain (123ms)
			TypeCache.Refresh (108ms)
				TypeCache.ScanAssembly (98ms)
			ScanForSourceGeneratedMonoScriptInfo (9ms)
			ResolveRequiredComponents (3ms)
	FinalizeReload (477ms)
		ReleaseScriptCaches (0ms)
		RebuildScriptCaches (0ms)
		SetupLoadedEditorAssemblies (381ms)
			LogAssemblyErrors (0ms)
			InitializePlatformSupportModulesInManaged (4ms)
			SetLoadedEditorAssemblies (2ms)
			RefreshPlugins (0ms)
			BeforeProcessingInitializeOnLoad (42ms)
			ProcessInitializeOnLoadAttributes (315ms)
			ProcessInitializeOnLoadMethodAttributes (14ms)
			AfterProcessingInitializeOnLoad (4ms)
			EditorAssembliesLoaded (0ms)
		ExecutionOrderSort2 (0ms)
		AwakeInstancesAfterBackupRestoration (6ms)
Launched and connected shader compiler UnityShaderCompiler.exe after 0.03 seconds
Refreshing native plugins compatible for Editor in 1.74 ms, found 3 plugins.
Preloading 0 native plugins for Editor in 0.00 ms.
Unloading 3125 Unused Serialized files (Serialized files now loaded: 0)
Unloading 19 unused Assets / (54.5 KB). Loaded Objects now: 3591.
Memory consumption went from 119.5 MB to 119.5 MB.
Total: 2.199900 ms (FindLiveObjects: 0.157000 ms CreateObjectMapping: 0.053700 ms MarkObjects: 1.911100 ms  DeleteObjects: 0.077200 ms)

AssetImportParameters requested are different than current active one (requested -> active):
  custom:container-demuxer-ogg: 62fdf1f143b41e24485cea50d1cbac27 -> 
  custom:video-codec-MediaFoundation-h265: 746d11721c4dcdbdad8f713fa42b33f4 -> 
  custom:video-decoder-ogg-theora: a1e56fd34408186e4bbccfd4996cb3dc -> 
  custom:framework-win-MediaFoundation: 216162199b28c13a410421893ffa2e32 -> 
  custom:CustomObjectIndexerAttribute: 9a22284fe3817be447336de3de66b15e -> 
  custom:container-demuxer-webm: 4f35f7cbe854078d1ac9338744f61a02 -> 
  custom:container-muxer-webm: aa71ff27fc2769a1b78a27578f13a17b -> 
  custom:video-decoder-webm-vp8: 9c59270c3fd7afecdb556c50c9e8de78 -> 
  custom:SearchIndexIgnoredProperties: e643bd26f0fe6173181afceb89e7c659 -> 
  custom:AudioImporter_EditorPlatform: d09bf68614088b80899f8185d706f6e7 -> 
  custom:video-encoder-webm-vp8: eb34c28f22e8b96e1ab97ce403110664 -> 
  custom:audio-decoder-ogg-vorbis: bf7c407c2cedff20999df2af8eb42d56 -> 
  custom:audio-encoder-webm-vorbis: bf7c407c2cedff20999df2af8eb42d56 -> 
========================================================================
Received Import Request.
  Time since last request: 51845.468648 seconds.
  path: Assets/LB3D/RandomBlocks/Materials/Floors/Dungeon-1/Dungeon-1-L0-V1.mat
  artifactKey: Guid(a4b191aaa8e5af9498f7e3a3f8d5b6fe) Importer(815301076,1909f56bfc062723c751e8b465ee728b)
Start importing Assets/LB3D/RandomBlocks/Materials/Floors/Dungeon-1/Dungeon-1-L0-V1.mat using Guid(a4b191aaa8e5af9498f7e3a3f8d5b6fe) Importer(815301076,1909f56bfc062723c751e8b465ee728b) [PhysX] Initialized MultithreadedTaskDispatcher with 12 workers.
[PhysX] Initialized MultithreadedTaskDispatcher with 12 workers.
 -> (artifact id: '6783ee3f9ecafc338ae5d9f1eb3b048c') in 0.163705 seconds
Number of updated asset objects reloaded before import = 0
Number of asset objects unloaded after import = 4
========================================================================
Received Import Request.
  Time since last request: 1.296124 seconds.
  path: Assets/LB3D/RandomBlocks/Materials/Floors/Dungeon-2/Dungeon-2-L0-V1.mat
  artifactKey: Guid(23a7dca1502064b488454db6ddd0c91e) Importer(815301076,1909f56bfc062723c751e8b465ee728b)
Start importing Assets/LB3D/RandomBlocks/Materials/Floors/Dungeon-2/Dungeon-2-L0-V1.mat using Guid(23a7dca1502064b488454db6ddd0c91e) Importer(815301076,1909f56bfc062723c751e8b465ee728b) [PhysX] Initialized MultithreadedTaskDispatcher with 12 workers.
[PhysX] Initialized MultithreadedTaskDispatcher with 12 workers.
 -> (artifact id: '39f1d1b2e318d0ceec3ce5a4b7096ef9') in 0.057951 seconds
Number of updated asset objects reloaded before import = 0
Number of asset objects unloaded after import = 4
========================================================================
Received Import Request.
  Time since last request: 1.785704 seconds.
  path: Assets/LB3D/RandomBlocks/Materials/Floors/Dungeon-3/Dungeon-3-L0-V1.mat
  artifactKey: Guid(7f8d3e0928dc1bf4db180d82fa69ba36) Importer(815301076,1909f56bfc062723c751e8b465ee728b)
Start importing Assets/LB3D/RandomBlocks/Materials/Floors/Dungeon-3/Dungeon-3-L0-V1.mat using Guid(7f8d3e0928dc1bf4db180d82fa69ba36) Importer(815301076,1909f56bfc062723c751e8b465ee728b) [PhysX] Initialized MultithreadedTaskDispatcher with 12 workers.
[PhysX] Initialized MultithreadedTaskDispatcher with 12 workers.
 -> (artifact id: '90980a4c0b69e0a702bc21bcd61f0623') in 0.059146 seconds
Number of updated asset objects reloaded before import = 0
Number of asset objects unloaded after import = 4
========================================================================
Received Import Request.
  Time since last request: 0.487774 seconds.
  path: Assets/LB3D/RandomBlocks/Materials/Floors/Dungeon-4/Dungeon-4-L0-V1.mat
  artifactKey: Guid(49d2d1b6404cd264f9e184d6048047c5) Importer(815301076,1909f56bfc062723c751e8b465ee728b)
Start importing Assets/LB3D/RandomBlocks/Materials/Floors/Dungeon-4/Dungeon-4-L0-V1.mat using Guid(49d2d1b6404cd264f9e184d6048047c5) Importer(815301076,1909f56bfc062723c751e8b465ee728b) [PhysX] Initialized MultithreadedTaskDispatcher with 12 workers.
[PhysX] Initialized MultithreadedTaskDispatcher with 12 workers.
 -> (artifact id: 'c83f41f6340797633c6839d4f2c60d8a') in 0.049016 seconds
Number of updated asset objects reloaded before import = 0
Number of asset objects unloaded after import = 4
========================================================================
Received Import Request.
  Time since last request: 0.714023 seconds.
  path: Assets/LB3D/RandomBlocks/Materials/Floors/ManyVertical/ManyVertical-L0-v1.mat
  artifactKey: Guid(fb7b74a11b83cc7459dc7f8f5b827a64) Importer(815301076,1909f56bfc062723c751e8b465ee728b)
Start importing Assets/LB3D/RandomBlocks/Materials/Floors/ManyVertical/ManyVertical-L0-v1.mat using Guid(fb7b74a11b83cc7459dc7f8f5b827a64) Importer(815301076,1909f56bfc062723c751e8b465ee728b) [PhysX] Initialized MultithreadedTaskDispatcher with 12 workers.
[PhysX] Initialized MultithreadedTaskDispatcher with 12 workers.
 -> (artifact id: '189e53725a2517ab222be97a06761b60') in 0.113026 seconds
Number of updated asset objects reloaded before import = 0
Number of asset objects unloaded after import = 4
========================================================================
Received Import Request.
  Time since last request: 32.302159 seconds.
  path: Assets/LB3D/RandomBlocks/Materials/Blocks/Dungeon-1/L1/Dungeon-1-L1-v1.mat
  artifactKey: Guid(3d65e12b6f5343f489562fad998547cc) Importer(815301076,1909f56bfc062723c751e8b465ee728b)
Start importing Assets/LB3D/RandomBlocks/Materials/Blocks/Dungeon-1/L1/Dungeon-1-L1-v1.mat using Guid(3d65e12b6f5343f489562fad998547cc) Importer(815301076,1909f56bfc062723c751e8b465ee728b) [PhysX] Initialized MultithreadedTaskDispatcher with 12 workers.
[PhysX] Initialized MultithreadedTaskDispatcher with 12 workers.
 -> (artifact id: 'ad114051dcebd4ca621313301ec8508a') in 0.066749 seconds
Number of updated asset objects reloaded before import = 0
Number of asset objects unloaded after import = 4
========================================================================
Received Import Request.
  Time since last request: 242.776732 seconds.
  path: Assets/LB3D/RandomBlocks/Materials/Floors/Mudstone/Mudstone-L0-V1.mat
  artifactKey: Guid(b3e696aee067d5c4c90e89d4620a7836) Importer(815301076,1909f56bfc062723c751e8b465ee728b)
Start importing Assets/LB3D/RandomBlocks/Materials/Floors/Mudstone/Mudstone-L0-V1.mat using Guid(b3e696aee067d5c4c90e89d4620a7836) Importer(815301076,1909f56bfc062723c751e8b465ee728b) [PhysX] Initialized MultithreadedTaskDispatcher with 12 workers.
[PhysX] Initialized MultithreadedTaskDispatcher with 12 workers.
 -> (artifact id: '5509165679872dd9bd16218e19409a75') in 0.075219 seconds
Number of updated asset objects reloaded before import = 0
Number of asset objects unloaded after import = 4
========================================================================
Received Import Request.
  Time since last request: 1.204357 seconds.
  path: Assets/LB3D/RandomBlocks/Materials/Floors/RandomMasonry/RandomMasonry-L0-v1.mat
  artifactKey: Guid(9419f8b50890b8e41b65168637f2ecba) Importer(815301076,1909f56bfc062723c751e8b465ee728b)
Start importing Assets/LB3D/RandomBlocks/Materials/Floors/RandomMasonry/RandomMasonry-L0-v1.mat using Guid(9419f8b50890b8e41b65168637f2ecba) Importer(815301076,1909f56bfc062723c751e8b465ee728b) [PhysX] Initialized MultithreadedTaskDispatcher with 12 workers.
[PhysX] Initialized MultithreadedTaskDispatcher with 12 workers.
 -> (artifact id: 'fd28c9b99febdfc4e3d4e151f0909738') in 0.056437 seconds
Number of updated asset objects reloaded before import = 0
Number of asset objects unloaded after import = 4
========================================================================
Received Import Request.
  Time since last request: 0.000033 seconds.
  path: Assets/LB3D/RandomBlocks/Materials/Floors/RandomMasonry/RandomMasonry-L0-v3.mat
  artifactKey: Guid(5cace0fe37374e54aa6355567c71daba) Importer(815301076,1909f56bfc062723c751e8b465ee728b)
Start importing Assets/LB3D/RandomBlocks/Materials/Floors/RandomMasonry/RandomMasonry-L0-v3.mat using Guid(5cace0fe37374e54aa6355567c71daba) Importer(815301076,1909f56bfc062723c751e8b465ee728b) [PhysX] Initialized MultithreadedTaskDispatcher with 12 workers.
[PhysX] Initialized MultithreadedTaskDispatcher with 12 workers.
 -> (artifact id: '664a1d116b5293e568e0b1a3e40c6710') in 0.059650 seconds
Number of updated asset objects reloaded before import = 0
Number of asset objects unloaded after import = 4
========================================================================
Received Import Request.
  Time since last request: 0.000030 seconds.
  path: Assets/LB3D/RandomBlocks/Materials/Floors/RandomMasonry/RandomMasonry-L0-v4.mat
  artifactKey: Guid(fd1f9eabf2298a44faa583069d0e1007) Importer(815301076,1909f56bfc062723c751e8b465ee728b)
Start importing Assets/LB3D/RandomBlocks/Materials/Floors/RandomMasonry/RandomMasonry-L0-v4.mat using Guid(fd1f9eabf2298a44faa583069d0e1007) Importer(815301076,1909f56bfc062723c751e8b465ee728b) [PhysX] Initialized MultithreadedTaskDispatcher with 12 workers.
[PhysX] Initialized MultithreadedTaskDispatcher with 12 workers.
 -> (artifact id: 'd4b4f168e068ee67080d0659c78bb31f') in 0.043101 seconds
Number of updated asset objects reloaded before import = 0
Number of asset objects unloaded after import = 4
========================================================================
Received Import Request.
  Time since last request: 0.659146 seconds.
  path: Assets/LB3D/RandomBlocks/Materials/Floors/SandStone/SandStone-L0-v1.mat
  artifactKey: Guid(228c005f630da3044a684b24577ebad0) Importer(815301076,1909f56bfc062723c751e8b465ee728b)
Start importing Assets/LB3D/RandomBlocks/Materials/Floors/SandStone/SandStone-L0-v1.mat using Guid(228c005f630da3044a684b24577ebad0) Importer(815301076,1909f56bfc062723c751e8b465ee728b) [PhysX] Initialized MultithreadedTaskDispatcher with 12 workers.
[PhysX] Initialized MultithreadedTaskDispatcher with 12 workers.
 -> (artifact id: 'c7f64fc49551cd720f0848f6e7c1f751') in 0.047640 seconds
Number of updated asset objects reloaded before import = 0
Number of asset objects unloaded after import = 4
========================================================================
Received Import Request.
  Time since last request: 2.175630 seconds.
  path: Assets/LB3D/RandomBlocks/Materials/Safezone/Door.mat
  artifactKey: Guid(fd109434fc2067a4fb48064e964d04a2) Importer(815301076,1909f56bfc062723c751e8b465ee728b)
Start importing Assets/LB3D/RandomBlocks/Materials/Safezone/Door.mat using Guid(fd109434fc2067a4fb48064e964d04a2) Importer(815301076,1909f56bfc062723c751e8b465ee728b) [PhysX] Initialized MultithreadedTaskDispatcher with 12 workers.
[PhysX] Initialized MultithreadedTaskDispatcher with 12 workers.
 -> (artifact id: '8c4b52d029a047222d9c902a03ee2604') in 0.120051 seconds
Number of updated asset objects reloaded before import = 0
Number of asset objects unloaded after import = 4
========================================================================
Received Import Request.
  Time since last request: 0.000053 seconds.
  path: Assets/LB3D/RandomBlocks/Materials/Safezone/Wall_3.mat
  artifactKey: Guid(9fe54e4c7845f3044a821db739224be8) Importer(815301076,1909f56bfc062723c751e8b465ee728b)
Start importing Assets/LB3D/RandomBlocks/Materials/Safezone/Wall_3.mat using Guid(9fe54e4c7845f3044a821db739224be8) Importer(815301076,1909f56bfc062723c751e8b465ee728b) [PhysX] Initialized MultithreadedTaskDispatcher with 12 workers.
[PhysX] Initialized MultithreadedTaskDispatcher with 12 workers.
 -> (artifact id: '42574bad1d5f4d34c46e4674a272fe6f') in 0.115051 seconds
Number of updated asset objects reloaded before import = 0
Number of asset objects unloaded after import = 4
Editor requested this worker to shutdown with reason: Scaling down because of idle timeout
TcpMessagingSession - receive error
AssetImportWorkerClient::OnTransportError - code=2 error=End of file
AssetImportWorker is now disconnected from the server
Process exiting
Exiting without the bug reporter. Application will terminate with return code 0